2024-04-18T00:33:23.191+05:30  INFO [pension-disbursement,,] 16192 --- [pension-disbursement] [restartedMain] c.a.p.PensionDisbursementApplication     : Starting PensionDisbursementApplication using Java 17.0.10 with PID 16192 (C:\PMS\pension-disbursement\pension-disbursement\target\classes started by l.singh.thakur in C:\PMS\pension-disbursement\pension-disbursement)
2024-04-18T00:33:23.290+05:30  INFO [pension-disbursement,,] 16192 --- [pension-disbursement] [restartedMain] c.a.p.PensionDisbursementApplication     : No active profile set, falling back to 1 default profile: "default"
2024-04-18T00:33:23.637+05:30  INFO [pension-disbursement,,] 16192 --- [pension-disbursement] [restartedMain] o.s.c.c.c.ConfigServerConfigDataLoader   : Fetching config from server at : http://localhost:8085
2024-04-18T00:33:23.638+05:30  INFO [pension-disbursement,,] 16192 --- [pension-disbursement] [restartedMain] o.s.c.c.c.ConfigServerConfigDataLoader   : Located environment: name=pension-disbursement, profiles=[default], label=null, version=d93be65eb565b63db811a42b562659f72459e747, state=null
2024-04-18T00:33:23.679+05:30  INFO [pension-disbursement,,] 16192 --- [pension-disbursement] [restartedMain] .e.DevToolsPropertyDefaultsPostProcessor : Devtools property defaults active! Set 'spring.devtools.add-properties' to 'false' to disable
2024-04-18T00:33:23.695+05:30  INFO [pension-disbursement,,] 16192 --- [pension-disbursement] [restartedMain] .e.DevToolsPropertyDefaultsPostProcessor : For additional web related logging consider setting the 'logging.level.web' property to 'DEBUG'
2024-04-18T00:33:29.506+05:30  INFO [pension-disbursement,,] 16192 --- [pension-disbursement] [restartedMain] .s.d.r.c.RepositoryConfigurationDelegate : Bootstrapping Spring Data JPA repositories in DEFAULT mode.
2024-04-18T00:33:30.903+05:30  INFO [pension-disbursement,,] 16192 --- [pension-disbursement] [restartedMain] .s.d.r.c.RepositoryConfigurationDelegate : Finished Spring Data repository scanning in 1347 ms. Found 1 JPA repository interface.
2024-04-18T00:33:33.331+05:30  INFO [pension-disbursement,,] 16192 --- [pension-disbursement] [restartedMain] o.s.cloud.context.scope.GenericScope     : BeanFactory id=b0eead07-854c-3185-9d0b-52ffea3203e9
2024-04-18T00:33:34.498+05:30  WARN [pension-disbursement,,] 16192 --- [pension-disbursement] [restartedMain] trationDelegate$BeanPostProcessorChecker : Bean 'org.springframework.cloud.client.loadbalancer.LoadBalancerAutoConfiguration$DeferringLoadBalancerInterceptorConfig' of type [org.springframework.cloud.client.loadbalancer.LoadBalancerAutoConfiguration$DeferringLoadBalancerInterceptorConfig] is not eligible for getting processed by all BeanPostProcessors (for example: not eligible for auto-proxying). The currently created BeanPostProcessor [lbRestClientPostProcessor] is declared through a non-static factory method on that class; consider declaring it as static instead.
2024-04-18T00:33:34.526+05:30  WARN [pension-disbursement,,] 16192 --- [pension-disbursement] [restartedMain] trationDelegate$BeanPostProcessorChecker : Bean 'deferringLoadBalancerInterceptor' of type [org.springframework.cloud.client.loadbalancer.DeferringLoadBalancerInterceptor] is not eligible for getting processed by all BeanPostProcessors (for example: not eligible for auto-proxying). Is this bean getting eagerly injected into a currently created BeanPostProcessor [lbRestClientPostProcessor]? Check the corresponding BeanPostProcessor declaration and its dependencies.
2024-04-18T00:33:39.651+05:30  INFO [pension-disbursement,,] 16192 --- [pension-disbursement] [restartedMain] o.s.b.w.embedded.tomcat.TomcatWebServer  : Tomcat initialized with port 9092 (http)
2024-04-18T00:33:39.805+05:30  INFO [pension-disbursement,,] 16192 --- [pension-disbursement] [restartedMain] o.apache.catalina.core.StandardService   : Starting service [Tomcat]
2024-04-18T00:33:39.806+05:30  INFO [pension-disbursement,,] 16192 --- [pension-disbursement] [restartedMain] o.apache.catalina.core.StandardEngine    : Starting Servlet engine: [Apache Tomcat/10.1.20]
2024-04-18T00:33:40.677+05:30  INFO [pension-disbursement,,] 16192 --- [pension-disbursement] [restartedMain] o.a.c.c.C.[Tomcat].[localhost].[/]       : Initializing Spring embedded WebApplicationContext
2024-04-18T00:33:40.678+05:30  INFO [pension-disbursement,,] 16192 --- [pension-disbursement] [restartedMain] w.s.c.ServletWebServerApplicationContext : Root WebApplicationContext: initialization completed in 16979 ms
2024-04-18T00:33:41.103+05:30  INFO [pension-disbursement,,] 16192 --- [pension-disbursement] [restartedMain] com.zaxxer.hikari.HikariDataSource       : HikariPool-1 - Starting...
2024-04-18T00:33:43.673+05:30  INFO [pension-disbursement,,] 16192 --- [pension-disbursement] [restartedMain] com.zaxxer.hikari.pool.HikariPool        : HikariPool-1 - Added connection conn0: url=jdbc:h2:mem:pensioner-disbursement user=SA
2024-04-18T00:33:43.679+05:30  INFO [pension-disbursement,,] 16192 --- [pension-disbursement] [restartedMain] com.zaxxer.hikari.HikariDataSource       : HikariPool-1 - Start completed.
2024-04-18T00:33:43.784+05:30  INFO [pension-disbursement,,] 16192 --- [pension-disbursement] [restartedMain] o.s.b.a.h2.H2ConsoleAutoConfiguration    : H2 console available at '/h2-console'. Database available at 'jdbc:h2:mem:pensioner-disbursement'
2024-04-18T00:33:45.261+05:30  INFO [pension-disbursement,,] 16192 --- [pension-disbursement] [restartedMain] o.hibernate.jpa.internal.util.LogHelper  : HHH000204: Processing PersistenceUnitInfo [name: default]
2024-04-18T00:33:51.783+05:30  INFO [pension-disbursement,,] 16192 --- [pension-disbursement] [restartedMain] org.hibernate.Version                    : HHH000412: Hibernate ORM core version 6.5.0.CR2
2024-04-18T00:33:52.474+05:30  INFO [pension-disbursement,,] 16192 --- [pension-disbursement] [restartedMain] o.h.c.internal.RegionFactoryInitiator    : HHH000026: Second-level cache disabled
2024-04-18T00:33:57.446+05:30  INFO [pension-disbursement,,] 16192 --- [pension-disbursement] [restartedMain] o.s.o.j.p.SpringPersistenceUnitInfo      : No LoadTimeWeaver setup: ignoring JPA class transformer
2024-04-18T00:34:02.860+05:30  INFO [pension-disbursement,,] 16192 --- [pension-disbursement] [restartedMain] o.h.e.t.j.p.i.JtaPlatformInitiator       : HHH000489: No JTA platform available (set 'hibernate.transaction.jta.platform' to enable JTA platform integration)
2024-04-18T00:34:03.080+05:30  INFO [pension-disbursement,,] 16192 --- [pension-disbursement] [restartedMain] j.LocalContainerEntityManagerFactoryBean : Initialized JPA EntityManagerFactory for persistence unit 'default'
2024-04-18T00:34:04.524+05:30  WARN [pension-disbursement,,] 16192 --- [pension-disbursement] [restartedMain] JpaBaseConfiguration$JpaWebConfiguration : spring.jpa.open-in-view is enabled by default. Therefore, database queries may be performed during view rendering. Explicitly configure spring.jpa.open-in-view to disable this warning
2024-04-18T00:34:04.946+05:30  WARN [pension-disbursement,,] 16192 --- [pension-disbursement] [restartedMain] o.s.b.d.a.OptionalLiveReloadServer       : Unable to start LiveReload server
2024-04-18T00:34:07.576+05:30  INFO [pension-disbursement,,] 16192 --- [pension-disbursement] [restartedMain] o.s.c.openfeign.FeignClientFactoryBean   : For 'authorizationService' URL not provided. Will try picking an instance via load-balancing.
2024-04-18T00:34:08.046+05:30  INFO [pension-disbursement,,] 16192 --- [pension-disbursement] [restartedMain] o.s.c.openfeign.FeignClientFactoryBean   : For 'pensioner-detail' URL not provided. Will try picking an instance via load-balancing.
2024-04-18T00:34:23.596+05:30  INFO [pension-disbursement,,] 16192 --- [pension-disbursement] [restartedMain] DiscoveryClientOptionalArgsConfiguration : Eureka HTTP Client uses RestTemplate.
2024-04-18T00:34:24.029+05:30  WARN [pension-disbursement,,] 16192 --- [pension-disbursement] [restartedMain] iguration$LoadBalancerCaffeineWarnLogger : Spring Cloud LoadBalancer is currently working with the default cache. While this cache implementation is useful for development and tests, it's recommended to use Caffeine cache in production.You can switch to using Caffeine cache, by adding it and org.springframework.cache.caffeine.CaffeineCacheManager to the classpath.
2024-04-18T00:34:24.360+05:30  INFO [pension-disbursement,,] 16192 --- [pension-disbursement] [restartedMain] o.s.c.n.eureka.InstanceInfoFactory       : Setting initial instance status as: STARTING
2024-04-18T00:34:25.075+05:30  INFO [pension-disbursement,,] 16192 --- [pension-disbursement] [restartedMain] com.netflix.discovery.DiscoveryClient    : Initializing Eureka in region us-east-1
2024-04-18T00:34:25.094+05:30  INFO [pension-disbursement,,] 16192 --- [pension-disbursement] [restartedMain] c.n.d.s.r.aws.ConfigClusterResolver      : Resolving eureka endpoints via configuration
2024-04-18T00:34:25.235+05:30  INFO [pension-disbursement,,] 16192 --- [pension-disbursement] [restartedMain] com.netflix.discovery.DiscoveryClient    : Disable delta property : false
2024-04-18T00:34:25.235+05:30  INFO [pension-disbursement,,] 16192 --- [pension-disbursement] [restartedMain] com.netflix.discovery.DiscoveryClient    : Single vip registry refresh property : null
2024-04-18T00:34:25.236+05:30  INFO [pension-disbursement,,] 16192 --- [pension-disbursement] [restartedMain] com.netflix.discovery.DiscoveryClient    : Force full registry fetch : false
2024-04-18T00:34:25.237+05:30  INFO [pension-disbursement,,] 16192 --- [pension-disbursement] [restartedMain] com.netflix.discovery.DiscoveryClient    : Application is null : false
2024-04-18T00:34:25.237+05:30  INFO [pension-disbursement,,] 16192 --- [pension-disbursement] [restartedMain] com.netflix.discovery.DiscoveryClient    : Registered Applications size is zero : true
2024-04-18T00:34:25.238+05:30  INFO [pension-disbursement,,] 16192 --- [pension-disbursement] [restartedMain] com.netflix.discovery.DiscoveryClient    : Application version is -1: true
2024-04-18T00:34:25.239+05:30  INFO [pension-disbursement,,] 16192 --- [pension-disbursement] [restartedMain] com.netflix.discovery.DiscoveryClient    : Getting all instance registry info from the eureka server
2024-04-18T00:34:26.777+05:30  INFO [pension-disbursement,,] 16192 --- [pension-disbursement] [restartedMain] com.netflix.discovery.DiscoveryClient    : The response status is 200
2024-04-18T00:34:26.804+05:30  INFO [pension-disbursement,,] 16192 --- [pension-disbursement] [restartedMain] com.netflix.discovery.DiscoveryClient    : Starting heartbeat executor: renew interval is: 30
2024-04-18T00:34:26.815+05:30  INFO [pension-disbursement,,] 16192 --- [pension-disbursement] [restartedMain] c.n.discovery.InstanceInfoReplicator     : InstanceInfoReplicator onDemand update allowed rate per min is 4
2024-04-18T00:34:26.830+05:30  INFO [pension-disbursement,,] 16192 --- [pension-disbursement] [restartedMain] com.netflix.discovery.DiscoveryClient    : Discovery Client initialized at timestamp 1713380666829 with initial instances count: 2
2024-04-18T00:34:26.861+05:30  INFO [pension-disbursement,,] 16192 --- [pension-disbursement] [restartedMain] o.s.c.n.e.s.EurekaServiceRegistry        : Registering application PENSION-DISBURSEMENT with eureka with status UP
2024-04-18T00:34:26.873+05:30  INFO [pension-disbursement,,] 16192 --- [pension-disbursement] [restartedMain] com.netflix.discovery.DiscoveryClient    : Saw local status change event StatusChangeEvent [timestamp=1713380666873, current=UP, previous=STARTING]
2024-04-18T00:34:26.881+05:30  INFO [pension-disbursement,,] 16192 --- [pension-disbursement] [DiscoveryClient-InstanceInfoReplicator-0] com.netflix.discovery.DiscoveryClient    : DiscoveryClient_PENSION-DISBURSEMENT/BDC7-L-151FMK7.dir.svc.accenture.com:pension-disbursement:9092: registering service...
2024-04-18T00:34:26.977+05:30  INFO [pension-disbursement,,] 16192 --- [pension-disbursement] [restartedMain] o.s.b.w.embedded.tomcat.TomcatWebServer  : Tomcat started on port 9092 (http) with context path '/'
2024-04-18T00:34:26.981+05:30  INFO [pension-disbursement,,] 16192 --- [pension-disbursement] [restartedMain] .s.c.n.e.s.EurekaAutoServiceRegistration : Updating port to 9092
2024-04-18T00:34:27.172+05:30  INFO [pension-disbursement,,] 16192 --- [pension-disbursement] [DiscoveryClient-InstanceInfoReplicator-0] com.netflix.discovery.DiscoveryClient    : DiscoveryClient_PENSION-DISBURSEMENT/BDC7-L-151FMK7.dir.svc.accenture.com:pension-disbursement:9092 - registration status: 204
2024-04-18T00:34:30.463+05:30  INFO [pension-disbursement,,] 16192 --- [pension-disbursement] [restartedMain] c.a.p.PensionDisbursementApplication     : Started PensionDisbursementApplication in 84.308 seconds (process running for 96.358)
2024-04-18T00:36:30.663+05:30  INFO [pension-disbursement,,] 16192 --- [pension-disbursement] [http-nio-9092-exec-2] o.a.c.c.C.[Tomcat].[localhost].[/]       : Initializing Spring DispatcherServlet 'dispatcherServlet'
2024-04-18T00:36:30.665+05:30  INFO [pension-disbursement,,] 16192 --- [pension-disbursement] [http-nio-9092-exec-2] o.s.web.servlet.DispatcherServlet        : Initializing Servlet 'dispatcherServlet'
2024-04-18T00:36:30.669+05:30  INFO [pension-disbursement,,] 16192 --- [pension-disbursement] [http-nio-9092-exec-2] o.s.web.servlet.DispatcherServlet        : Completed initialization in 4 ms
2024-04-18T16:21:09.598+05:30  INFO [pension-disbursement,,] 18256 --- [pension-disbursement] [restartedMain] c.a.p.PensionDisbursementApplication     : Starting PensionDisbursementApplication using Java 17.0.10 with PID 18256 (C:\PMS\pension-disbursement\pension-disbursement\target\classes started by l.singh.thakur in C:\PMS\pension-disbursement\pension-disbursement)
2024-04-18T16:21:09.610+05:30  INFO [pension-disbursement,,] 18256 --- [pension-disbursement] [restartedMain] c.a.p.PensionDisbursementApplication     : No active profile set, falling back to 1 default profile: "default"
2024-04-18T16:21:09.824+05:30  INFO [pension-disbursement,,] 18256 --- [pension-disbursement] [restartedMain] o.s.c.c.c.ConfigServerConfigDataLoader   : Fetching config from server at : http://localhost:8085
2024-04-18T16:21:09.827+05:30  INFO [pension-disbursement,,] 18256 --- [pension-disbursement] [restartedMain] o.s.c.c.c.ConfigServerConfigDataLoader   : Exception on Url - http://localhost:8085:org.springframework.web.client.ResourceAccessException: I/O error on GET request for "http://localhost:8085/pension-disbursement/default": Connection refused: no further information. Will be trying the next url if available
2024-04-18T16:21:09.827+05:30  WARN [pension-disbursement,,] 18256 --- [pension-disbursement] [restartedMain] o.s.c.c.c.ConfigServerConfigDataLoader   : Could not locate PropertySource ([ConfigServerConfigDataResource@33685ead uris = array<String>['http://localhost:8085'], optional = true, profiles = 'default']): I/O error on GET request for "http://localhost:8085/pension-disbursement/default": Connection refused: no further information
2024-04-18T16:21:09.827+05:30  INFO [pension-disbursement,,] 18256 --- [pension-disbursement] [restartedMain] o.s.c.c.c.ConfigServerConfigDataLoader   : Fetching config from server at : http://localhost:8085
2024-04-18T16:21:09.828+05:30  INFO [pension-disbursement,,] 18256 --- [pension-disbursement] [restartedMain] o.s.c.c.c.ConfigServerConfigDataLoader   : Exception on Url - http://localhost:8085:org.springframework.web.client.ResourceAccessException: I/O error on GET request for "http://localhost:8085/pension-disbursement/default": Connection refused: no further information. Will be trying the next url if available
2024-04-18T16:21:09.828+05:30  WARN [pension-disbursement,,] 18256 --- [pension-disbursement] [restartedMain] o.s.c.c.c.ConfigServerConfigDataLoader   : Could not locate PropertySource ([ConfigServerConfigDataResource@56e0acc2 uris = array<String>['http://localhost:8085'], optional = true, profiles = 'default']): I/O error on GET request for "http://localhost:8085/pension-disbursement/default": Connection refused: no further information
2024-04-18T16:21:09.829+05:30  INFO [pension-disbursement,,] 18256 --- [pension-disbursement] [restartedMain] o.s.c.c.c.ConfigServerConfigDataLoader   : Fetching config from server at : http://localhost:8085
2024-04-18T16:21:09.829+05:30  INFO [pension-disbursement,,] 18256 --- [pension-disbursement] [restartedMain] o.s.c.c.c.ConfigServerConfigDataLoader   : Exception on Url - http://localhost:8085:org.springframework.web.client.ResourceAccessException: I/O error on GET request for "http://localhost:8085/pension-disbursement/default": Connection refused: no further information. Will be trying the next url if available
2024-04-18T16:21:09.830+05:30  WARN [pension-disbursement,,] 18256 --- [pension-disbursement] [restartedMain] o.s.c.c.c.ConfigServerConfigDataLoader   : Could not locate PropertySource ([ConfigServerConfigDataResource@ea68f23 uris = array<String>['http://localhost:8085'], optional = true, profiles = 'default']): I/O error on GET request for "http://localhost:8085/pension-disbursement/default": Connection refused: no further information
2024-04-18T16:21:09.838+05:30  INFO [pension-disbursement,,] 18256 --- [pension-disbursement] [restartedMain] .e.DevToolsPropertyDefaultsPostProcessor : Devtools property defaults active! Set 'spring.devtools.add-properties' to 'false' to disable
2024-04-18T16:21:09.839+05:30  INFO [pension-disbursement,,] 18256 --- [pension-disbursement] [restartedMain] .e.DevToolsPropertyDefaultsPostProcessor : For additional web related logging consider setting the 'logging.level.web' property to 'DEBUG'
2024-04-18T16:21:13.361+05:30  INFO [pension-disbursement,,] 18256 --- [pension-disbursement] [restartedMain] .s.d.r.c.RepositoryConfigurationDelegate : Bootstrapping Spring Data JPA repositories in DEFAULT mode.
2024-04-18T16:21:13.839+05:30  INFO [pension-disbursement,,] 18256 --- [pension-disbursement] [restartedMain] .s.d.r.c.RepositoryConfigurationDelegate : Finished Spring Data repository scanning in 444 ms. Found 1 JPA repository interface.
2024-04-18T16:21:14.982+05:30  INFO [pension-disbursement,,] 18256 --- [pension-disbursement] [restartedMain] o.s.cloud.context.scope.GenericScope     : BeanFactory id=b0eead07-854c-3185-9d0b-52ffea3203e9
2024-04-18T16:21:15.610+05:30  WARN [pension-disbursement,,] 18256 --- [pension-disbursement] [restartedMain] trationDelegate$BeanPostProcessorChecker : Bean 'org.springframework.cloud.client.loadbalancer.LoadBalancerAutoConfiguration$DeferringLoadBalancerInterceptorConfig' of type [org.springframework.cloud.client.loadbalancer.LoadBalancerAutoConfiguration$DeferringLoadBalancerInterceptorConfig] is not eligible for getting processed by all BeanPostProcessors (for example: not eligible for auto-proxying). The currently created BeanPostProcessor [lbRestClientPostProcessor] is declared through a non-static factory method on that class; consider declaring it as static instead.
2024-04-18T16:21:15.617+05:30  WARN [pension-disbursement,,] 18256 --- [pension-disbursement] [restartedMain] trationDelegate$BeanPostProcessorChecker : Bean 'deferringLoadBalancerInterceptor' of type [org.springframework.cloud.client.loadbalancer.DeferringLoadBalancerInterceptor] is not eligible for getting processed by all BeanPostProcessors (for example: not eligible for auto-proxying). Is this bean getting eagerly injected into a currently created BeanPostProcessor [lbRestClientPostProcessor]? Check the corresponding BeanPostProcessor declaration and its dependencies.
2024-04-18T16:21:17.386+05:30  INFO [pension-disbursement,,] 18256 --- [pension-disbursement] [restartedMain] o.s.b.w.embedded.tomcat.TomcatWebServer  : Tomcat initialized with port 9092 (http)
2024-04-18T16:21:17.473+05:30  INFO [pension-disbursement,,] 18256 --- [pension-disbursement] [restartedMain] o.apache.catalina.core.StandardService   : Starting service [Tomcat]
2024-04-18T16:21:17.475+05:30  INFO [pension-disbursement,,] 18256 --- [pension-disbursement] [restartedMain] o.apache.catalina.core.StandardEngine    : Starting Servlet engine: [Apache Tomcat/10.1.20]
2024-04-18T16:21:17.871+05:30  INFO [pension-disbursement,,] 18256 --- [pension-disbursement] [restartedMain] o.a.c.c.C.[Tomcat].[localhost].[/]       : Initializing Spring embedded WebApplicationContext
2024-04-18T16:21:17.874+05:30  INFO [pension-disbursement,,] 18256 --- [pension-disbursement] [restartedMain] w.s.c.ServletWebServerApplicationContext : Root WebApplicationContext: initialization completed in 8031 ms
2024-04-18T16:21:17.992+05:30  INFO [pension-disbursement,,] 18256 --- [pension-disbursement] [restartedMain] com.zaxxer.hikari.HikariDataSource       : HikariPool-1 - Starting...
2024-04-18T16:21:19.075+05:30  INFO [pension-disbursement,,] 18256 --- [pension-disbursement] [restartedMain] com.zaxxer.hikari.pool.HikariPool        : HikariPool-1 - Added connection conn0: url=jdbc:h2:mem:pensioner-disbursement user=SA
2024-04-18T16:21:19.081+05:30  INFO [pension-disbursement,,] 18256 --- [pension-disbursement] [restartedMain] com.zaxxer.hikari.HikariDataSource       : HikariPool-1 - Start completed.
2024-04-18T16:21:19.126+05:30  INFO [pension-disbursement,,] 18256 --- [pension-disbursement] [restartedMain] o.s.b.a.h2.H2ConsoleAutoConfiguration    : H2 console available at '/h2-console'. Database available at 'jdbc:h2:mem:pensioner-disbursement'
2024-04-18T16:21:19.977+05:30  INFO [pension-disbursement,,] 18256 --- [pension-disbursement] [restartedMain] o.hibernate.jpa.internal.util.LogHelper  : HHH000204: Processing PersistenceUnitInfo [name: default]
2024-04-18T16:21:20.380+05:30  INFO [pension-disbursement,,] 18256 --- [pension-disbursement] [restartedMain] org.hibernate.Version                    : HHH000412: Hibernate ORM core version 6.5.0.CR2
2024-04-18T16:21:20.586+05:30  INFO [pension-disbursement,,] 18256 --- [pension-disbursement] [restartedMain] o.h.c.internal.RegionFactoryInitiator    : HHH000026: Second-level cache disabled
2024-04-18T16:21:21.730+05:30  INFO [pension-disbursement,,] 18256 --- [pension-disbursement] [restartedMain] o.s.o.j.p.SpringPersistenceUnitInfo      : No LoadTimeWeaver setup: ignoring JPA class transformer
2024-04-18T16:21:25.498+05:30  INFO [pension-disbursement,,] 18256 --- [pension-disbursement] [restartedMain] o.h.e.t.j.p.i.JtaPlatformInitiator       : HHH000489: No JTA platform available (set 'hibernate.transaction.jta.platform' to enable JTA platform integration)
2024-04-18T16:21:25.656+05:30  INFO [pension-disbursement,,] 18256 --- [pension-disbursement] [restartedMain] j.LocalContainerEntityManagerFactoryBean : Initialized JPA EntityManagerFactory for persistence unit 'default'
2024-04-18T16:21:26.237+05:30  WARN [pension-disbursement,,] 18256 --- [pension-disbursement] [restartedMain] JpaBaseConfiguration$JpaWebConfiguration : spring.jpa.open-in-view is enabled by default. Therefore, database queries may be performed during view rendering. Explicitly configure spring.jpa.open-in-view to disable this warning
2024-04-18T16:21:26.448+05:30  WARN [pension-disbursement,,] 18256 --- [pension-disbursement] [restartedMain] o.s.b.d.a.OptionalLiveReloadServer       : Unable to start LiveReload server
2024-04-18T16:21:28.524+05:30  INFO [pension-disbursement,,] 18256 --- [pension-disbursement] [restartedMain] o.s.c.openfeign.FeignClientFactoryBean   : For 'authorizationService' URL not provided. Will try picking an instance via load-balancing.
2024-04-18T16:21:28.851+05:30  INFO [pension-disbursement,,] 18256 --- [pension-disbursement] [restartedMain] o.s.c.openfeign.FeignClientFactoryBean   : For 'pensioner-detail' URL not provided. Will try picking an instance via load-balancing.
2024-04-18T16:21:33.323+05:30  INFO [pension-disbursement,,] 18256 --- [pension-disbursement] [restartedMain] DiscoveryClientOptionalArgsConfiguration : Eureka HTTP Client uses RestTemplate.
2024-04-18T16:21:33.407+05:30  WARN [pension-disbursement,,] 18256 --- [pension-disbursement] [restartedMain] iguration$LoadBalancerCaffeineWarnLogger : Spring Cloud LoadBalancer is currently working with the default cache. While this cache implementation is useful for development and tests, it's recommended to use Caffeine cache in production.You can switch to using Caffeine cache, by adding it and org.springframework.cache.caffeine.CaffeineCacheManager to the classpath.
2024-04-18T16:21:33.674+05:30  INFO [pension-disbursement,,] 18256 --- [pension-disbursement] [restartedMain] o.s.c.n.eureka.InstanceInfoFactory       : Setting initial instance status as: STARTING
2024-04-18T16:21:33.989+05:30  INFO [pension-disbursement,,] 18256 --- [pension-disbursement] [restartedMain] com.netflix.discovery.DiscoveryClient    : Initializing Eureka in region us-east-1
2024-04-18T16:21:34.009+05:30  INFO [pension-disbursement,,] 18256 --- [pension-disbursement] [restartedMain] c.n.d.s.r.aws.ConfigClusterResolver      : Resolving eureka endpoints via configuration
2024-04-18T16:21:34.164+05:30  INFO [pension-disbursement,,] 18256 --- [pension-disbursement] [restartedMain] com.netflix.discovery.DiscoveryClient    : Disable delta property : false
2024-04-18T16:21:34.165+05:30  INFO [pension-disbursement,,] 18256 --- [pension-disbursement] [restartedMain] com.netflix.discovery.DiscoveryClient    : Single vip registry refresh property : null
2024-04-18T16:21:34.165+05:30  INFO [pension-disbursement,,] 18256 --- [pension-disbursement] [restartedMain] com.netflix.discovery.DiscoveryClient    : Force full registry fetch : false
2024-04-18T16:21:34.165+05:30  INFO [pension-disbursement,,] 18256 --- [pension-disbursement] [restartedMain] com.netflix.discovery.DiscoveryClient    : Application is null : false
2024-04-18T16:21:34.165+05:30  INFO [pension-disbursement,,] 18256 --- [pension-disbursement] [restartedMain] com.netflix.discovery.DiscoveryClient    : Registered Applications size is zero : true
2024-04-18T16:21:34.165+05:30  INFO [pension-disbursement,,] 18256 --- [pension-disbursement] [restartedMain] com.netflix.discovery.DiscoveryClient    : Application version is -1: true
2024-04-18T16:21:34.168+05:30  INFO [pension-disbursement,,] 18256 --- [pension-disbursement] [restartedMain] com.netflix.discovery.DiscoveryClient    : Getting all instance registry info from the eureka server
2024-04-18T16:21:35.556+05:30  INFO [pension-disbursement,,] 18256 --- [pension-disbursement] [restartedMain] com.netflix.discovery.DiscoveryClient    : The response status is 200
2024-04-18T16:21:35.563+05:30  INFO [pension-disbursement,,] 18256 --- [pension-disbursement] [restartedMain] com.netflix.discovery.DiscoveryClient    : Starting heartbeat executor: renew interval is: 30
2024-04-18T16:21:35.572+05:30  INFO [pension-disbursement,,] 18256 --- [pension-disbursement] [restartedMain] c.n.discovery.InstanceInfoReplicator     : InstanceInfoReplicator onDemand update allowed rate per min is 4
2024-04-18T16:21:35.589+05:30  INFO [pension-disbursement,,] 18256 --- [pension-disbursement] [restartedMain] com.netflix.discovery.DiscoveryClient    : Discovery Client initialized at timestamp 1713437495587 with initial instances count: 3
2024-04-18T16:21:35.596+05:30  INFO [pension-disbursement,,] 18256 --- [pension-disbursement] [restartedMain] o.s.c.n.e.s.EurekaServiceRegistry        : Registering application PENSION-DISBURSEMENT with eureka with status UP
2024-04-18T16:21:35.598+05:30  INFO [pension-disbursement,,] 18256 --- [pension-disbursement] [restartedMain] com.netflix.discovery.DiscoveryClient    : Saw local status change event StatusChangeEvent [timestamp=1713437495598, current=UP, previous=STARTING]
2024-04-18T16:21:35.605+05:30  INFO [pension-disbursement,,] 18256 --- [pension-disbursement] [DiscoveryClient-InstanceInfoReplicator-0] com.netflix.discovery.DiscoveryClient    : DiscoveryClient_PENSION-DISBURSEMENT/BDC7-L-151FMK7.dir.svc.accenture.com:pension-disbursement:9092: registering service...
2024-04-18T16:21:35.672+05:30  INFO [pension-disbursement,,] 18256 --- [pension-disbursement] [restartedMain] o.s.b.w.embedded.tomcat.TomcatWebServer  : Tomcat started on port 9092 (http) with context path '/'
2024-04-18T16:21:35.674+05:30  INFO [pension-disbursement,,] 18256 --- [pension-disbursement] [restartedMain] .s.c.n.e.s.EurekaAutoServiceRegistration : Updating port to 9092
2024-04-18T16:21:35.794+05:30  INFO [pension-disbursement,,] 18256 --- [pension-disbursement] [DiscoveryClient-InstanceInfoReplicator-0] com.netflix.discovery.DiscoveryClient    : DiscoveryClient_PENSION-DISBURSEMENT/BDC7-L-151FMK7.dir.svc.accenture.com:pension-disbursement:9092 - registration status: 204
2024-04-18T16:21:36.175+05:30  INFO [pension-disbursement,,] 18256 --- [pension-disbursement] [http-nio-9092-exec-3] o.apache.coyote.http11.Http11Processor   : Error parsing HTTP request header
 Note: further occurrences of HTTP request parsing errors will be logged at DEBUG level.

java.lang.IllegalArgumentException: Invalid character found in method name [0x000x000x0070x000x120x000x030x000x000x010x850x000x13consumer-my-group-10x000x12apache-kafka-java0x063.7.00x00...]. HTTP method names must be tokens
	at org.apache.coyote.http11.Http11InputBuffer.parseRequestLine(Http11InputBuffer.java:407) ~[tomcat-embed-core-10.1.20.jar:10.1.20]
	at org.apache.coyote.http11.Http11Processor.service(Http11Processor.java:264) ~[tomcat-embed-core-10.1.20.jar:10.1.20]
	at org.apache.coyote.AbstractProcessorLight.process(AbstractProcessorLight.java:63) ~[tomcat-embed-core-10.1.20.jar:10.1.20]
	at org.apache.coyote.AbstractProtocol$ConnectionHandler.process(AbstractProtocol.java:896) ~[tomcat-embed-core-10.1.20.jar:10.1.20]
	at org.apache.tomcat.util.net.NioEndpoint$SocketProcessor.doRun(NioEndpoint.java:1736) ~[tomcat-embed-core-10.1.20.jar:10.1.20]
	at org.apache.tomcat.util.net.SocketProcessorBase.run(SocketProcessorBase.java:52) ~[tomcat-embed-core-10.1.20.jar:10.1.20]
	at org.apache.tomcat.util.threads.ThreadPoolExecutor.runWorker(ThreadPoolExecutor.java:1191) ~[tomcat-embed-core-10.1.20.jar:10.1.20]
	at org.apache.tomcat.util.threads.ThreadPoolExecutor$Worker.run(ThreadPoolExecutor.java:659) ~[tomcat-embed-core-10.1.20.jar:10.1.20]
	at org.apache.tomcat.util.threads.TaskThread$WrappingRunnable.run(TaskThread.java:63) ~[tomcat-embed-core-10.1.20.jar:10.1.20]
	at java.base/java.lang.Thread.run(Thread.java:840) ~[na:na]

2024-04-18T16:21:36.175+05:30  INFO [pension-disbursement,,] 18256 --- [pension-disbursement] [http-nio-9092-exec-2] o.apache.coyote.http11.Http11Processor   : Error parsing HTTP request header
 Note: further occurrences of HTTP request parsing errors will be logged at DEBUG level.

java.lang.IllegalArgumentException: Invalid character found in method name [0x000x000x00.0x000x120x000x030x000x000x000x050x000x0aproducer-10x000x12apache-kafka-java0x062.6.20x00...]. HTTP method names must be tokens
	at org.apache.coyote.http11.Http11InputBuffer.parseRequestLine(Http11InputBuffer.java:407) ~[tomcat-embed-core-10.1.20.jar:10.1.20]
	at org.apache.coyote.http11.Http11Processor.service(Http11Processor.java:264) ~[tomcat-embed-core-10.1.20.jar:10.1.20]
	at org.apache.coyote.AbstractProcessorLight.process(AbstractProcessorLight.java:63) ~[tomcat-embed-core-10.1.20.jar:10.1.20]
	at org.apache.coyote.AbstractProtocol$ConnectionHandler.process(AbstractProtocol.java:896) ~[tomcat-embed-core-10.1.20.jar:10.1.20]
	at org.apache.tomcat.util.net.NioEndpoint$SocketProcessor.doRun(NioEndpoint.java:1736) ~[tomcat-embed-core-10.1.20.jar:10.1.20]
	at org.apache.tomcat.util.net.SocketProcessorBase.run(SocketProcessorBase.java:52) ~[tomcat-embed-core-10.1.20.jar:10.1.20]
	at org.apache.tomcat.util.threads.ThreadPoolExecutor.runWorker(ThreadPoolExecutor.java:1191) ~[tomcat-embed-core-10.1.20.jar:10.1.20]
	at org.apache.tomcat.util.threads.ThreadPoolExecutor$Worker.run(ThreadPoolExecutor.java:659) ~[tomcat-embed-core-10.1.20.jar:10.1.20]
	at org.apache.tomcat.util.threads.TaskThread$WrappingRunnable.run(TaskThread.java:63) ~[tomcat-embed-core-10.1.20.jar:10.1.20]
	at java.base/java.lang.Thread.run(Thread.java:840) ~[na:na]

2024-04-18T16:21:36.687+05:30  INFO [pension-disbursement,,] 18256 --- [pension-disbursement] [restartedMain] c.a.p.PensionDisbursementApplication     : Started PensionDisbursementApplication in 30.744 seconds (process running for 32.965)
2024-04-18T16:24:03.996+05:30  INFO [pension-disbursement,,] 18256 --- [pension-disbursement] [http-nio-9092-exec-2] o.a.c.c.C.[Tomcat].[localhost].[/]       : Initializing Spring DispatcherServlet 'dispatcherServlet'
2024-04-18T16:24:03.998+05:30  INFO [pension-disbursement,,] 18256 --- [pension-disbursement] [http-nio-9092-exec-2] o.s.web.servlet.DispatcherServlet        : Initializing Servlet 'dispatcherServlet'
2024-04-18T16:24:03.999+05:30  INFO [pension-disbursement,,] 18256 --- [pension-disbursement] [http-nio-9092-exec-2] o.s.web.servlet.DispatcherServlet        : Completed initialization in 1 ms
