2024-04-18T00:33:35.988+05:30  INFO 16228 --- [restartedMain] c.a.p.PensionerDetailApplication         : Starting PensionerDetailApplication using Java 17.0.10 with PID 16228 (C:\PMS\pensioner-detail\pensioner-detail\target\classes started by l.singh.thakur in C:\PMS\pensioner-detail\pensioner-detail)
2024-04-18T00:33:36.161+05:30  INFO 16228 --- [restartedMain] c.a.p.PensionerDetailApplication         : No active profile set, falling back to 1 default profile: "default"
2024-04-18T00:33:36.546+05:30  INFO 16228 --- [restartedMain] o.s.c.c.c.ConfigServerConfigDataLoader   : Fetching config from server at : http://localhost:8085
2024-04-18T00:33:36.547+05:30  INFO 16228 --- [restartedMain] o.s.c.c.c.ConfigServerConfigDataLoader   : Located environment: name=pensioner-detail, profiles=[default], label=null, version=d93be65eb565b63db811a42b562659f72459e747, state=null
2024-04-18T00:33:36.557+05:30  INFO 16228 --- [restartedMain] .e.DevToolsPropertyDefaultsPostProcessor : Devtools property defaults active! Set 'spring.devtools.add-properties' to 'false' to disable
2024-04-18T00:33:36.558+05:30  INFO 16228 --- [restartedMain] .e.DevToolsPropertyDefaultsPostProcessor : For additional web related logging consider setting the 'logging.level.web' property to 'DEBUG'
2024-04-18T00:33:43.790+05:30  INFO 16228 --- [restartedMain] .s.d.r.c.RepositoryConfigurationDelegate : Bootstrapping Spring Data JPA repositories in DEFAULT mode.
2024-04-18T00:33:45.238+05:30  INFO 16228 --- [restartedMain] .s.d.r.c.RepositoryConfigurationDelegate : Finished Spring Data repository scanning in 1337 ms. Found 1 JPA repository interfaces.
2024-04-18T00:33:46.950+05:30  INFO 16228 --- [restartedMain] o.s.cloud.context.scope.GenericScope     : BeanFactory id=de4bf5c6-611b-3636-b572-b7161464499d
2024-04-18T00:33:47.441+05:30  INFO 16228 --- [restartedMain] trationDelegate$BeanPostProcessorChecker : Bean 'com.accenture.pensionerdetail.client.MicroserviceClient' of type [org.springframework.cloud.openfeign.FeignClientFactoryBean] is not eligible for getting processed by all BeanPostProcessors (for example: not eligible for auto-proxying)
2024-04-18T00:33:51.017+05:30  INFO 16228 --- [restartedMain] o.s.b.w.embedded.tomcat.TomcatWebServer  : Tomcat initialized with port(s): 9091 (http)
2024-04-18T00:33:51.052+05:30  INFO 16228 --- [restartedMain] o.apache.catalina.core.StandardService   : Starting service [Tomcat]
2024-04-18T00:33:51.053+05:30  INFO 16228 --- [restartedMain] o.apache.catalina.core.StandardEngine    : Starting Servlet engine: [Apache Tomcat/10.1.10]
2024-04-18T00:33:51.828+05:30  INFO 16228 --- [restartedMain] o.a.c.c.C.[Tomcat].[localhost].[/]       : Initializing Spring embedded WebApplicationContext
2024-04-18T00:33:51.830+05:30  INFO 16228 --- [restartedMain] w.s.c.ServletWebServerApplicationContext : Root WebApplicationContext: initialization completed in 15268 ms
2024-04-18T00:33:55.834+05:30  INFO 16228 --- [restartedMain] com.zaxxer.hikari.HikariDataSource       : HikariPool-1 - Starting...
2024-04-18T00:33:56.769+05:30  INFO 16228 --- [restartedMain] com.zaxxer.hikari.pool.HikariPool        : HikariPool-1 - Added connection conn0: url=jdbc:h2:mem:pensioner-detail user=SA
2024-04-18T00:33:56.774+05:30  INFO 16228 --- [restartedMain] com.zaxxer.hikari.HikariDataSource       : HikariPool-1 - Start completed.
2024-04-18T00:33:56.818+05:30  INFO 16228 --- [restartedMain] o.s.b.a.h2.H2ConsoleAutoConfiguration    : H2 console available at '/h2-console'. Database available at 'jdbc:h2:mem:pensioner-detail'
2024-04-18T00:33:58.064+05:30  INFO 16228 --- [restartedMain] o.hibernate.jpa.internal.util.LogHelper  : HHH000204: Processing PersistenceUnitInfo [name: default]
2024-04-18T00:33:58.369+05:30  INFO 16228 --- [restartedMain] org.hibernate.Version                    : HHH000412: Hibernate ORM core version 6.1.7.Final
2024-04-18T00:34:01.671+05:30  INFO 16228 --- [restartedMain] SQL dialect                              : HHH000400: Using dialect: org.hibernate.dialect.H2Dialect
2024-04-18T00:34:10.298+05:30  INFO 16228 --- [restartedMain] o.h.t.schema.internal.SchemaCreatorImpl  : HHH000476: Executing import script 'file:/C:/PMS/pensioner-detail/pensioner-detail/target/classes/import.sql'
2024-04-18T00:34:10.368+05:30  INFO 16228 --- [restartedMain] o.h.e.t.j.p.i.JtaPlatformInitiator       : HHH000490: Using JtaPlatform implementation: [org.hibernate.engine.transaction.jta.platform.internal.NoJtaPlatform]
2024-04-18T00:34:10.453+05:30  INFO 16228 --- [restartedMain] j.LocalContainerEntityManagerFactoryBean : Initialized JPA EntityManagerFactory for persistence unit 'default'
2024-04-18T00:34:12.474+05:30  WARN 16228 --- [restartedMain] JpaBaseConfiguration$JpaWebConfiguration : spring.jpa.open-in-view is enabled by default. Therefore, database queries may be performed during view rendering. Explicitly configure spring.jpa.open-in-view to disable this warning
2024-04-18T00:34:13.260+05:30  WARN 16228 --- [restartedMain] o.s.b.d.a.OptionalLiveReloadServer       : Unable to start LiveReload server
2024-04-18T00:34:13.817+05:30  INFO 16228 --- [restartedMain] o.s.c.openfeign.FeignClientFactoryBean   : For 'authorizationService' URL not provided. Will try picking an instance via load-balancing.
2024-04-18T00:34:26.790+05:30  INFO 16228 --- [restartedMain] DiscoveryClientOptionalArgsConfiguration : Eureka HTTP Client uses RestTemplate.
2024-04-18T00:34:27.531+05:30  WARN 16228 --- [restartedMain] iguration$LoadBalancerCaffeineWarnLogger : Spring Cloud LoadBalancer is currently working with the default cache. While this cache implementation is useful for development and tests, it's recommended to use Caffeine cache in production.You can switch to using Caffeine cache, by adding it and org.springframework.cache.caffeine.CaffeineCacheManager to the classpath.
2024-04-18T00:34:27.732+05:30  INFO 16228 --- [restartedMain] o.s.b.a.e.web.EndpointLinksResolver      : Exposing 3 endpoint(s) beneath base path '/actuator'
2024-04-18T00:34:28.628+05:30  INFO 16228 --- [restartedMain] o.s.c.n.eureka.InstanceInfoFactory       : Setting initial instance status as: STARTING
2024-04-18T00:34:29.337+05:30  INFO 16228 --- [restartedMain] com.netflix.discovery.DiscoveryClient    : Initializing Eureka in region us-east-1
2024-04-18T00:34:29.408+05:30  INFO 16228 --- [restartedMain] c.n.d.s.r.aws.ConfigClusterResolver      : Resolving eureka endpoints via configuration
2024-04-18T00:34:29.644+05:30  INFO 16228 --- [restartedMain] com.netflix.discovery.DiscoveryClient    : Disable delta property : false
2024-04-18T00:34:29.644+05:30  INFO 16228 --- [restartedMain] com.netflix.discovery.DiscoveryClient    : Single vip registry refresh property : null
2024-04-18T00:34:29.645+05:30  INFO 16228 --- [restartedMain] com.netflix.discovery.DiscoveryClient    : Force full registry fetch : false
2024-04-18T00:34:29.645+05:30  INFO 16228 --- [restartedMain] com.netflix.discovery.DiscoveryClient    : Application is null : false
2024-04-18T00:34:29.645+05:30  INFO 16228 --- [restartedMain] com.netflix.discovery.DiscoveryClient    : Registered Applications size is zero : true
2024-04-18T00:34:29.646+05:30  INFO 16228 --- [restartedMain] com.netflix.discovery.DiscoveryClient    : Application version is -1: true
2024-04-18T00:34:29.646+05:30  INFO 16228 --- [restartedMain] com.netflix.discovery.DiscoveryClient    : Getting all instance registry info from the eureka server
2024-04-18T00:34:30.772+05:30  INFO 16228 --- [restartedMain] com.netflix.discovery.DiscoveryClient    : The response status is 200
2024-04-18T00:34:30.823+05:30  INFO 16228 --- [restartedMain] com.netflix.discovery.DiscoveryClient    : Starting heartbeat executor: renew interval is: 30
2024-04-18T00:34:30.834+05:30  INFO 16228 --- [restartedMain] c.n.discovery.InstanceInfoReplicator     : InstanceInfoReplicator onDemand update allowed rate per min is 4
2024-04-18T00:34:30.854+05:30  INFO 16228 --- [restartedMain] com.netflix.discovery.DiscoveryClient    : Discovery Client initialized at timestamp 1713380670851 with initial instances count: 3
2024-04-18T00:34:30.862+05:30  INFO 16228 --- [restartedMain] o.s.c.n.e.s.EurekaServiceRegistry        : Registering application PENSIONER-DETAIL with eureka with status UP
2024-04-18T00:34:30.865+05:30  INFO 16228 --- [restartedMain] com.netflix.discovery.DiscoveryClient    : Saw local status change event StatusChangeEvent [timestamp=1713380670865, current=UP, previous=STARTING]
2024-04-18T00:34:30.991+05:30  INFO 16228 --- [restartedMain] o.s.b.w.embedded.tomcat.TomcatWebServer  : Tomcat started on port(s): 9091 (http) with context path ''
2024-04-18T00:34:30.995+05:30  INFO 16228 --- [restartedMain] .s.c.n.e.s.EurekaAutoServiceRegistration : Updating port to 9091
2024-04-18T00:34:31.030+05:30  INFO 16228 --- [DiscoveryClient-InstanceInfoReplicator-0] com.netflix.discovery.DiscoveryClient    : DiscoveryClient_PENSIONER-DETAIL/BDC7-L-151FMK7.dir.svc.accenture.com:pensioner-detail:9091: registering service...
2024-04-18T00:34:31.877+05:30  INFO 16228 --- [DiscoveryClient-InstanceInfoReplicator-0] com.netflix.discovery.DiscoveryClient    : DiscoveryClient_PENSIONER-DETAIL/BDC7-L-151FMK7.dir.svc.accenture.com:pensioner-detail:9091 - registration status: 204
2024-04-18T00:34:32.110+05:30  INFO 16228 --- [restartedMain] c.a.p.PensionerDetailApplication         : Started PensionerDetailApplication in 66.72 seconds (process running for 74.455)
2024-04-18T00:36:20.932+05:30  INFO 16228 --- [http-nio-9091-exec-1] o.a.c.c.C.[Tomcat].[localhost].[/]       : Initializing Spring DispatcherServlet 'dispatcherServlet'
2024-04-18T00:36:20.936+05:30  INFO 16228 --- [http-nio-9091-exec-1] o.s.web.servlet.DispatcherServlet        : Initializing Servlet 'dispatcherServlet'
2024-04-18T00:36:20.940+05:30  INFO 16228 --- [http-nio-9091-exec-1] o.s.web.servlet.DispatcherServlet        : Completed initialization in 4 ms
2024-04-18T16:07:39.549+05:30  INFO 5624 --- [restartedMain] c.a.p.PensionerDetailApplication         : Starting PensionerDetailApplication using Java 17.0.10 with PID 5624 (C:\PMS\pensioner-detail\pensioner-detail\target\classes started by l.singh.thakur in C:\PMS\pensioner-detail\pensioner-detail)
2024-04-18T16:07:39.556+05:30  INFO 5624 --- [restartedMain] c.a.p.PensionerDetailApplication         : No active profile set, falling back to 1 default profile: "default"
2024-04-18T16:07:39.889+05:30  INFO 5624 --- [restartedMain] o.s.c.c.c.ConfigServerConfigDataLoader   : Fetching config from server at : http://localhost:8085
2024-04-18T16:07:39.889+05:30  INFO 5624 --- [restartedMain] o.s.c.c.c.ConfigServerConfigDataLoader   : Exception on Url - http://localhost:8085:org.springframework.web.client.ResourceAccessException: I/O error on GET request for "http://localhost:8085/pensioner-detail/default": Connection refused: no further information. Will be trying the next url if available
2024-04-18T16:07:39.890+05:30  WARN 5624 --- [restartedMain] o.s.c.c.c.ConfigServerConfigDataLoader   : Could not locate PropertySource ([ConfigServerConfigDataResource@c90dc8b uris = array<String>['http://localhost:8085'], optional = true, profiles = list['default']]): I/O error on GET request for "http://localhost:8085/pensioner-detail/default": Connection refused: no further information
2024-04-18T16:07:39.895+05:30  INFO 5624 --- [restartedMain] .e.DevToolsPropertyDefaultsPostProcessor : Devtools property defaults active! Set 'spring.devtools.add-properties' to 'false' to disable
2024-04-18T16:07:39.896+05:30  INFO 5624 --- [restartedMain] .e.DevToolsPropertyDefaultsPostProcessor : For additional web related logging consider setting the 'logging.level.web' property to 'DEBUG'
2024-04-18T16:07:48.436+05:30  INFO 5624 --- [restartedMain] .s.d.r.c.RepositoryConfigurationDelegate : Bootstrapping Spring Data JPA repositories in DEFAULT mode.
2024-04-18T16:07:49.432+05:30  INFO 5624 --- [restartedMain] .s.d.r.c.RepositoryConfigurationDelegate : Finished Spring Data repository scanning in 956 ms. Found 1 JPA repository interfaces.
2024-04-18T16:07:51.913+05:30  INFO 5624 --- [restartedMain] o.s.cloud.context.scope.GenericScope     : BeanFactory id=de4bf5c6-611b-3636-b572-b7161464499d
2024-04-18T16:07:52.657+05:30  INFO 5624 --- [restartedMain] trationDelegate$BeanPostProcessorChecker : Bean 'com.accenture.pensionerdetail.client.MicroserviceClient' of type [org.springframework.cloud.openfeign.FeignClientFactoryBean] is not eligible for getting processed by all BeanPostProcessors (for example: not eligible for auto-proxying)
2024-04-18T16:07:57.130+05:30  INFO 5624 --- [restartedMain] o.s.b.w.embedded.tomcat.TomcatWebServer  : Tomcat initialized with port(s): 9091 (http)
2024-04-18T16:07:57.278+05:30  INFO 5624 --- [restartedMain] o.apache.catalina.core.StandardService   : Starting service [Tomcat]
2024-04-18T16:07:57.287+05:30  INFO 5624 --- [restartedMain] o.apache.catalina.core.StandardEngine    : Starting Servlet engine: [Apache Tomcat/10.1.10]
2024-04-18T16:07:58.415+05:30  INFO 5624 --- [restartedMain] o.a.c.c.C.[Tomcat].[localhost].[/]       : Initializing Spring embedded WebApplicationContext
2024-04-18T16:07:58.417+05:30  INFO 5624 --- [restartedMain] w.s.c.ServletWebServerApplicationContext : Root WebApplicationContext: initialization completed in 18518 ms
2024-04-18T16:08:02.076+05:30  INFO 5624 --- [restartedMain] com.zaxxer.hikari.HikariDataSource       : HikariPool-1 - Starting...
2024-04-18T16:08:04.089+05:30  INFO 5624 --- [restartedMain] com.zaxxer.hikari.pool.HikariPool        : HikariPool-1 - Added connection conn0: url=jdbc:h2:mem:pensioner-detail user=SA
2024-04-18T16:08:04.096+05:30  INFO 5624 --- [restartedMain] com.zaxxer.hikari.HikariDataSource       : HikariPool-1 - Start completed.
2024-04-18T16:08:04.149+05:30  INFO 5624 --- [restartedMain] o.s.b.a.h2.H2ConsoleAutoConfiguration    : H2 console available at '/h2-console'. Database available at 'jdbc:h2:mem:pensioner-detail'
2024-04-18T16:08:07.435+05:30  INFO 5624 --- [restartedMain] o.hibernate.jpa.internal.util.LogHelper  : HHH000204: Processing PersistenceUnitInfo [name: default]
2024-04-18T16:08:08.510+05:30  INFO 5624 --- [restartedMain] org.hibernate.Version                    : HHH000412: Hibernate ORM core version 6.1.7.Final
2024-04-18T16:08:10.788+05:30  INFO 5624 --- [restartedMain] SQL dialect                              : HHH000400: Using dialect: org.hibernate.dialect.H2Dialect
2024-04-18T16:08:16.836+05:30  INFO 5624 --- [restartedMain] o.h.t.schema.internal.SchemaCreatorImpl  : HHH000476: Executing import script 'file:/C:/PMS/pensioner-detail/pensioner-detail/target/classes/import.sql'
2024-04-18T16:08:16.911+05:30  INFO 5624 --- [restartedMain] o.h.e.t.j.p.i.JtaPlatformInitiator       : HHH000490: Using JtaPlatform implementation: [org.hibernate.engine.transaction.jta.platform.internal.NoJtaPlatform]
2024-04-18T16:08:17.249+05:30  INFO 5624 --- [restartedMain] j.LocalContainerEntityManagerFactoryBean : Initialized JPA EntityManagerFactory for persistence unit 'default'
2024-04-18T16:08:18.678+05:30  WARN 5624 --- [restartedMain] JpaBaseConfiguration$JpaWebConfiguration : spring.jpa.open-in-view is enabled by default. Therefore, database queries may be performed during view rendering. Explicitly configure spring.jpa.open-in-view to disable this warning
2024-04-18T16:08:19.221+05:30  WARN 5624 --- [restartedMain] o.s.b.d.a.OptionalLiveReloadServer       : Unable to start LiveReload server
2024-04-18T16:08:19.827+05:30  INFO 5624 --- [restartedMain] o.s.c.openfeign.FeignClientFactoryBean   : For 'authorizationService' URL not provided. Will try picking an instance via load-balancing.
2024-04-18T16:08:36.531+05:30  INFO 5624 --- [restartedMain] DiscoveryClientOptionalArgsConfiguration : Eureka HTTP Client uses RestTemplate.
2024-04-18T16:08:36.902+05:30  WARN 5624 --- [restartedMain] iguration$LoadBalancerCaffeineWarnLogger : Spring Cloud LoadBalancer is currently working with the default cache. While this cache implementation is useful for development and tests, it's recommended to use Caffeine cache in production.You can switch to using Caffeine cache, by adding it and org.springframework.cache.caffeine.CaffeineCacheManager to the classpath.
2024-04-18T16:08:37.124+05:30  INFO 5624 --- [restartedMain] o.s.b.a.e.web.EndpointLinksResolver      : Exposing 3 endpoint(s) beneath base path '/actuator'
2024-04-18T16:08:37.816+05:30  INFO 5624 --- [restartedMain] o.s.c.n.eureka.InstanceInfoFactory       : Setting initial instance status as: STARTING
2024-04-18T16:08:39.155+05:30  INFO 5624 --- [restartedMain] com.netflix.discovery.DiscoveryClient    : Initializing Eureka in region us-east-1
2024-04-18T16:08:39.357+05:30  INFO 5624 --- [restartedMain] c.n.d.s.r.aws.ConfigClusterResolver      : Resolving eureka endpoints via configuration
2024-04-18T16:08:39.806+05:30  INFO 5624 --- [restartedMain] com.netflix.discovery.DiscoveryClient    : Disable delta property : false
2024-04-18T16:08:39.807+05:30  INFO 5624 --- [restartedMain] com.netflix.discovery.DiscoveryClient    : Single vip registry refresh property : null
2024-04-18T16:08:39.809+05:30  INFO 5624 --- [restartedMain] com.netflix.discovery.DiscoveryClient    : Force full registry fetch : false
2024-04-18T16:08:39.810+05:30  INFO 5624 --- [restartedMain] com.netflix.discovery.DiscoveryClient    : Application is null : false
2024-04-18T16:08:39.811+05:30  INFO 5624 --- [restartedMain] com.netflix.discovery.DiscoveryClient    : Registered Applications size is zero : true
2024-04-18T16:08:39.812+05:30  INFO 5624 --- [restartedMain] com.netflix.discovery.DiscoveryClient    : Application version is -1: true
2024-04-18T16:08:39.813+05:30  INFO 5624 --- [restartedMain] com.netflix.discovery.DiscoveryClient    : Getting all instance registry info from the eureka server
2024-04-18T16:08:40.649+05:30  INFO 5624 --- [restartedMain] com.netflix.discovery.DiscoveryClient    : The response status is 200
2024-04-18T16:08:40.655+05:30  INFO 5624 --- [restartedMain] com.netflix.discovery.DiscoveryClient    : Starting heartbeat executor: renew interval is: 30
2024-04-18T16:08:40.668+05:30  INFO 5624 --- [restartedMain] c.n.discovery.InstanceInfoReplicator     : InstanceInfoReplicator onDemand update allowed rate per min is 4
2024-04-18T16:08:40.683+05:30  INFO 5624 --- [restartedMain] com.netflix.discovery.DiscoveryClient    : Discovery Client initialized at timestamp 1713436720680 with initial instances count: 0
2024-04-18T16:08:40.692+05:30  INFO 5624 --- [restartedMain] o.s.c.n.e.s.EurekaServiceRegistry        : Registering application PENSIONER-DETAIL with eureka with status UP
2024-04-18T16:08:40.705+05:30  INFO 5624 --- [restartedMain] com.netflix.discovery.DiscoveryClient    : Saw local status change event StatusChangeEvent [timestamp=1713436720705, current=UP, previous=STARTING]
2024-04-18T16:08:40.711+05:30  INFO 5624 --- [DiscoveryClient-InstanceInfoReplicator-0] com.netflix.discovery.DiscoveryClient    : DiscoveryClient_PENSIONER-DETAIL/BDC7-L-151FMK7.dir.svc.accenture.com:pensioner-detail:9091: registering service...
2024-04-18T16:08:40.849+05:30  INFO 5624 --- [restartedMain] o.s.b.w.embedded.tomcat.TomcatWebServer  : Tomcat started on port(s): 9091 (http) with context path ''
2024-04-18T16:08:40.851+05:30  INFO 5624 --- [restartedMain] .s.c.n.e.s.EurekaAutoServiceRegistration : Updating port to 9091
2024-04-18T16:08:41.017+05:30  INFO 5624 --- [DiscoveryClient-InstanceInfoReplicator-0] com.netflix.discovery.DiscoveryClient    : DiscoveryClient_PENSIONER-DETAIL/BDC7-L-151FMK7.dir.svc.accenture.com:pensioner-detail:9091 - registration status: 204
2024-04-18T16:08:43.350+05:30  INFO 5624 --- [restartedMain] c.a.p.PensionerDetailApplication         : Started PensionerDetailApplication in 71.905 seconds (process running for 77.723)
2024-04-18T16:09:10.878+05:30  INFO 5624 --- [DiscoveryClient-CacheRefreshExecutor-0] com.netflix.discovery.DiscoveryClient    : Disable delta property : false
2024-04-18T16:09:10.953+05:30  INFO 5624 --- [DiscoveryClient-CacheRefreshExecutor-0] com.netflix.discovery.DiscoveryClient    : Single vip registry refresh property : null
2024-04-18T16:09:10.953+05:30  INFO 5624 --- [DiscoveryClient-CacheRefreshExecutor-0] com.netflix.discovery.DiscoveryClient    : Force full registry fetch : false
2024-04-18T16:09:10.953+05:30  INFO 5624 --- [DiscoveryClient-CacheRefreshExecutor-0] com.netflix.discovery.DiscoveryClient    : Application is null : false
2024-04-18T16:09:10.953+05:30  INFO 5624 --- [DiscoveryClient-CacheRefreshExecutor-0] com.netflix.discovery.DiscoveryClient    : Registered Applications size is zero : true
2024-04-18T16:09:10.953+05:30  INFO 5624 --- [DiscoveryClient-CacheRefreshExecutor-0] com.netflix.discovery.DiscoveryClient    : Application version is -1: false
2024-04-18T16:09:10.954+05:30  INFO 5624 --- [DiscoveryClient-CacheRefreshExecutor-0] com.netflix.discovery.DiscoveryClient    : Getting all instance registry info from the eureka server
2024-04-18T16:09:11.011+05:30  INFO 5624 --- [DiscoveryClient-CacheRefreshExecutor-0] com.netflix.discovery.DiscoveryClient    : The response status is 200
2024-04-18T16:13:39.835+05:30  INFO 5624 --- [AsyncResolver-bootstrap-executor-0] c.n.d.s.r.aws.ConfigClusterResolver      : Resolving eureka endpoints via configuration
2024-04-18T16:15:11.495+05:30  INFO 5624 --- [http-nio-9091-exec-1] o.a.c.c.C.[Tomcat].[localhost].[/]       : Initializing Spring DispatcherServlet 'dispatcherServlet'
2024-04-18T16:15:11.496+05:30  INFO 5624 --- [http-nio-9091-exec-1] o.s.web.servlet.DispatcherServlet        : Initializing Servlet 'dispatcherServlet'
2024-04-18T16:15:11.506+05:30  INFO 5624 --- [http-nio-9091-exec-1] o.s.web.servlet.DispatcherServlet        : Completed initialization in 5 ms
2024-04-18T16:18:39.843+05:30  INFO 5624 --- [AsyncResolver-bootstrap-executor-0] c.n.d.s.r.aws.ConfigClusterResolver      : Resolving eureka endpoints via configuration
2024-04-18T16:20:16.160+05:30  WARN 5624 --- [AsyncReporter{org.springframework.boot.actuate.autoconfigure.tracing.zipkin.ZipkinRestTemplateSender@5a6f7e99}] z.r.AsyncReporter$BoundedAsyncReporter   : Spans were dropped due to exceptions. All subsequent errors will be logged at FINE level.
2024-04-18T16:20:16.161+05:30  WARN 5624 --- [AsyncReporter{org.springframework.boot.actuate.autoconfigure.tracing.zipkin.ZipkinRestTemplateSender@5a6f7e99}] z.r.AsyncReporter$BoundedAsyncReporter   : Dropped 1 spans due to ResourceAccessException(I/O error on POST request for "http://localhost:9411/api/v2/spans": Connect to http://localhost:9411 [localhost/127.0.0.1, localhost/0:0:0:0:0:0:0:1] failed: Connection refused: no further information)

org.springframework.web.client.ResourceAccessException: I/O error on POST request for "http://localhost:9411/api/v2/spans": Connect to http://localhost:9411 [localhost/127.0.0.1, localhost/0:0:0:0:0:0:0:1] failed: Connection refused: no further information
	at org.springframework.web.client.RestTemplate.createResourceAccessException(RestTemplate.java:888) ~[spring-web-6.0.10.jar:6.0.10]
	at org.springframework.web.client.RestTemplate.doExecute(RestTemplate.java:868) ~[spring-web-6.0.10.jar:6.0.10]
	at org.springframework.web.client.RestTemplate.execute(RestTemplate.java:764) ~[spring-web-6.0.10.jar:6.0.10]
	at org.springframework.web.client.RestTemplate.exchange(RestTemplate.java:646) ~[spring-web-6.0.10.jar:6.0.10]
	at org.springframework.boot.actuate.autoconfigure.tracing.zipkin.ZipkinRestTemplateSender$RestTemplateHttpPostCall.doExecute(ZipkinRestTemplateSender.java:68) ~[spring-boot-actuator-autoconfigure-3.0.8.jar:3.0.8]
	at org.springframework.boot.actuate.autoconfigure.tracing.zipkin.ZipkinRestTemplateSender$RestTemplateHttpPostCall.doExecute(ZipkinRestTemplateSender.java:48) ~[spring-boot-actuator-autoconfigure-3.0.8.jar:3.0.8]
	at zipkin2.Call$Base.execute(Call.java:391) ~[zipkin-2.23.2.jar:na]
	at zipkin2.reporter.AsyncReporter$BoundedAsyncReporter.flush(AsyncReporter.java:299) ~[zipkin-reporter-2.16.3.jar:na]
	at zipkin2.reporter.AsyncReporter$Flusher.run(AsyncReporter.java:378) ~[zipkin-reporter-2.16.3.jar:na]
	at java.base/java.lang.Thread.run(Thread.java:840) ~[na:na]
Caused by: org.apache.hc.client5.http.HttpHostConnectException: Connect to http://localhost:9411 [localhost/127.0.0.1, localhost/0:0:0:0:0:0:0:1] failed: Connection refused: no further information
	at java.base/sun.nio.ch.Net.pollConnect(Native Method) ~[na:na]
	at java.base/sun.nio.ch.Net.pollConnectNow(Net.java:672) ~[na:na]
	at java.base/sun.nio.ch.NioSocketImpl.timedFinishConnect(NioSocketImpl.java:547) ~[na:na]
	at java.base/sun.nio.ch.NioSocketImpl.connect(NioSocketImpl.java:602) ~[na:na]
	at java.base/java.net.SocksSocketImpl.connect(SocksSocketImpl.java:327) ~[na:na]
	at java.base/java.net.Socket.connect(Socket.java:633) ~[na:na]
	at org.apache.hc.client5.http.socket.PlainConnectionSocketFactory$1.run(PlainConnectionSocketFactory.java:87) ~[httpclient5-5.1.4.jar:5.1.4]
	at java.base/java.security.AccessController.doPrivileged(AccessController.java:569) ~[na:na]
	at org.apache.hc.client5.http.socket.PlainConnectionSocketFactory.connectSocket(PlainConnectionSocketFactory.java:84) ~[httpclient5-5.1.4.jar:5.1.4]
	at org.apache.hc.client5.http.impl.io.DefaultHttpClientConnectionOperator.connect(DefaultHttpClientConnectionOperator.java:148) ~[httpclient5-5.1.4.jar:5.1.4]
	at org.apache.hc.client5.http.impl.io.PoolingHttpClientConnectionManager.connect(PoolingHttpClientConnectionManager.java:396) ~[httpclient5-5.1.4.jar:5.1.4]
	at org.apache.hc.client5.http.impl.classic.InternalExecRuntime.connectEndpoint(InternalExecRuntime.java:158) ~[httpclient5-5.1.4.jar:5.1.4]
	at org.apache.hc.client5.http.impl.classic.InternalExecRuntime.connectEndpoint(InternalExecRuntime.java:168) ~[httpclient5-5.1.4.jar:5.1.4]
	at org.apache.hc.client5.http.impl.classic.ConnectExec.execute(ConnectExec.java:136) ~[httpclient5-5.1.4.jar:5.1.4]
	at org.apache.hc.client5.http.impl.classic.ExecChainElement.execute(ExecChainElement.java:51) ~[httpclient5-5.1.4.jar:5.1.4]
	at org.apache.hc.client5.http.impl.classic.ExecChainElement$1.proceed(ExecChainElement.java:57) ~[httpclient5-5.1.4.jar:5.1.4]
	at org.apache.hc.client5.http.impl.classic.ProtocolExec.execute(ProtocolExec.java:190) ~[httpclient5-5.1.4.jar:5.1.4]
	at org.apache.hc.client5.http.impl.classic.ExecChainElement.execute(ExecChainElement.java:51) ~[httpclient5-5.1.4.jar:5.1.4]
	at org.apache.hc.client5.http.impl.classic.ExecChainElement$1.proceed(ExecChainElement.java:57) ~[httpclient5-5.1.4.jar:5.1.4]
	at org.apache.hc.client5.http.impl.classic.HttpRequestRetryExec.execute(HttpRequestRetryExec.java:96) ~[httpclient5-5.1.4.jar:5.1.4]
	at org.apache.hc.client5.http.impl.classic.ExecChainElement.execute(ExecChainElement.java:51) ~[httpclient5-5.1.4.jar:5.1.4]
	at org.apache.hc.client5.http.impl.classic.ExecChainElement$1.proceed(ExecChainElement.java:57) ~[httpclient5-5.1.4.jar:5.1.4]
	at org.apache.hc.client5.http.impl.classic.ContentCompressionExec.execute(ContentCompressionExec.java:133) ~[httpclient5-5.1.4.jar:5.1.4]
	at org.apache.hc.client5.http.impl.classic.ExecChainElement.execute(ExecChainElement.java:51) ~[httpclient5-5.1.4.jar:5.1.4]
	at org.apache.hc.client5.http.impl.classic.ExecChainElement$1.proceed(ExecChainElement.java:57) ~[httpclient5-5.1.4.jar:5.1.4]
	at org.apache.hc.client5.http.impl.classic.RedirectExec.execute(RedirectExec.java:115) ~[httpclient5-5.1.4.jar:5.1.4]
	at org.apache.hc.client5.http.impl.classic.ExecChainElement.execute(ExecChainElement.java:51) ~[httpclient5-5.1.4.jar:5.1.4]
	at org.apache.hc.client5.http.impl.classic.InternalHttpClient.doExecute(InternalHttpClient.java:170) ~[httpclient5-5.1.4.jar:5.1.4]
	at org.apache.hc.client5.http.impl.classic.CloseableHttpClient.execute(CloseableHttpClient.java:75) ~[httpclient5-5.1.4.jar:5.1.4]
	at org.apache.hc.client5.http.impl.classic.CloseableHttpClient.execute(CloseableHttpClient.java:54) ~[httpclient5-5.1.4.jar:5.1.4]
	at org.springframework.http.client.HttpComponentsClientHttpRequest.executeInternal(HttpComponentsClientHttpRequest.java:93) ~[spring-web-6.0.10.jar:6.0.10]
	at org.springframework.http.client.AbstractBufferingClientHttpRequest.executeInternal(AbstractBufferingClientHttpRequest.java:48) ~[spring-web-6.0.10.jar:6.0.10]
	at org.springframework.http.client.AbstractClientHttpRequest.execute(AbstractClientHttpRequest.java:66) ~[spring-web-6.0.10.jar:6.0.10]
	at org.springframework.web.client.RestTemplate.doExecute(RestTemplate.java:862) ~[spring-web-6.0.10.jar:6.0.10]
	... 8 common frames omitted

2024-04-18T16:23:39.851+05:30  INFO 5624 --- [AsyncResolver-bootstrap-executor-0] c.n.d.s.r.aws.ConfigClusterResolver      : Resolving eureka endpoints via configuration
2024-04-18T19:53:35.671+05:30  INFO 22596 --- [restartedMain] c.a.p.PensionerDetailApplication         : Starting PensionerDetailApplication using Java 17.0.10 with PID 22596 (C:\PMS\pensioner-detail\pensioner-detail\target\classes started by l.singh.thakur in C:\PMS\pensioner-detail\pensioner-detail)
2024-04-18T19:53:35.681+05:30  INFO 22596 --- [restartedMain] c.a.p.PensionerDetailApplication         : No active profile set, falling back to 1 default profile: "default"
2024-04-18T19:53:35.818+05:30  INFO 22596 --- [restartedMain] o.s.c.c.c.ConfigServerConfigDataLoader   : Fetching config from server at : http://localhost:8085
2024-04-18T19:53:35.819+05:30  INFO 22596 --- [restartedMain] o.s.c.c.c.ConfigServerConfigDataLoader   : Located environment: name=pensioner-detail, profiles=[default], label=null, version=d93be65eb565b63db811a42b562659f72459e747, state=null
2024-04-18T19:53:35.825+05:30  INFO 22596 --- [restartedMain] .e.DevToolsPropertyDefaultsPostProcessor : Devtools property defaults active! Set 'spring.devtools.add-properties' to 'false' to disable
2024-04-18T19:53:35.825+05:30  INFO 22596 --- [restartedMain] .e.DevToolsPropertyDefaultsPostProcessor : For additional web related logging consider setting the 'logging.level.web' property to 'DEBUG'
2024-04-18T19:53:38.318+05:30  INFO 22596 --- [restartedMain] .s.d.r.c.RepositoryConfigurationDelegate : Bootstrapping Spring Data JPA repositories in DEFAULT mode.
2024-04-18T19:53:38.607+05:30  INFO 22596 --- [restartedMain] .s.d.r.c.RepositoryConfigurationDelegate : Finished Spring Data repository scanning in 265 ms. Found 1 JPA repository interfaces.
2024-04-18T19:53:39.211+05:30  INFO 22596 --- [restartedMain] o.s.cloud.context.scope.GenericScope     : BeanFactory id=de4bf5c6-611b-3636-b572-b7161464499d
2024-04-18T19:53:39.405+05:30  INFO 22596 --- [restartedMain] trationDelegate$BeanPostProcessorChecker : Bean 'com.accenture.pensionerdetail.client.MicroserviceClient' of type [org.springframework.cloud.openfeign.FeignClientFactoryBean] is not eligible for getting processed by all BeanPostProcessors (for example: not eligible for auto-proxying)
2024-04-18T19:53:40.920+05:30  INFO 22596 --- [restartedMain] o.s.b.w.embedded.tomcat.TomcatWebServer  : Tomcat initialized with port(s): 9091 (http)
2024-04-18T19:53:40.941+05:30  INFO 22596 --- [restartedMain] o.apache.catalina.core.StandardService   : Starting service [Tomcat]
2024-04-18T19:53:40.942+05:30  INFO 22596 --- [restartedMain] o.apache.catalina.core.StandardEngine    : Starting Servlet engine: [Apache Tomcat/10.1.10]
2024-04-18T19:53:41.134+05:30  INFO 22596 --- [restartedMain] o.a.c.c.C.[Tomcat].[localhost].[/]       : Initializing Spring embedded WebApplicationContext
2024-04-18T19:53:41.135+05:30  INFO 22596 --- [restartedMain] w.s.c.ServletWebServerApplicationContext : Root WebApplicationContext: initialization completed in 5307 ms
2024-04-18T19:53:41.839+05:30  INFO 22596 --- [restartedMain] com.zaxxer.hikari.HikariDataSource       : HikariPool-1 - Starting...
2024-04-18T19:53:42.335+05:30  INFO 22596 --- [restartedMain] com.zaxxer.hikari.pool.HikariPool        : HikariPool-1 - Added connection conn0: url=jdbc:h2:mem:pensioner-detail user=SA
2024-04-18T19:53:42.340+05:30  INFO 22596 --- [restartedMain] com.zaxxer.hikari.HikariDataSource       : HikariPool-1 - Start completed.
2024-04-18T19:53:42.368+05:30  INFO 22596 --- [restartedMain] o.s.b.a.h2.H2ConsoleAutoConfiguration    : H2 console available at '/h2-console'. Database available at 'jdbc:h2:mem:pensioner-detail'
2024-04-18T19:53:42.911+05:30  INFO 22596 --- [restartedMain] o.hibernate.jpa.internal.util.LogHelper  : HHH000204: Processing PersistenceUnitInfo [name: default]
2024-04-18T19:53:43.075+05:30  INFO 22596 --- [restartedMain] org.hibernate.Version                    : HHH000412: Hibernate ORM core version 6.1.7.Final
2024-04-18T19:53:43.939+05:30  INFO 22596 --- [restartedMain] SQL dialect                              : HHH000400: Using dialect: org.hibernate.dialect.H2Dialect
2024-04-18T19:53:46.004+05:30  INFO 22596 --- [restartedMain] o.h.t.schema.internal.SchemaCreatorImpl  : HHH000476: Executing import script 'file:/C:/PMS/pensioner-detail/pensioner-detail/target/classes/import.sql'
2024-04-18T19:53:46.029+05:30  INFO 22596 --- [restartedMain] o.h.e.t.j.p.i.JtaPlatformInitiator       : HHH000490: Using JtaPlatform implementation: [org.hibernate.engine.transaction.jta.platform.internal.NoJtaPlatform]
2024-04-18T19:53:46.050+05:30  INFO 22596 --- [restartedMain] j.LocalContainerEntityManagerFactoryBean : Initialized JPA EntityManagerFactory for persistence unit 'default'
2024-04-18T19:53:46.391+05:30  WARN 22596 --- [restartedMain] JpaBaseConfiguration$JpaWebConfiguration : spring.jpa.open-in-view is enabled by default. Therefore, database queries may be performed during view rendering. Explicitly configure spring.jpa.open-in-view to disable this warning
2024-04-18T19:53:46.478+05:30  WARN 22596 --- [restartedMain] o.s.b.d.a.OptionalLiveReloadServer       : Unable to start LiveReload server
2024-04-18T19:53:46.547+05:30  INFO 22596 --- [restartedMain] o.s.c.openfeign.FeignClientFactoryBean   : For 'authorizationService' URL not provided. Will try picking an instance via load-balancing.
2024-04-18T19:53:49.058+05:30  INFO 22596 --- [restartedMain] DiscoveryClientOptionalArgsConfiguration : Eureka HTTP Client uses RestTemplate.
2024-04-18T19:53:49.106+05:30  WARN 22596 --- [restartedMain] iguration$LoadBalancerCaffeineWarnLogger : Spring Cloud LoadBalancer is currently working with the default cache. While this cache implementation is useful for development and tests, it's recommended to use Caffeine cache in production.You can switch to using Caffeine cache, by adding it and org.springframework.cache.caffeine.CaffeineCacheManager to the classpath.
2024-04-18T19:53:49.131+05:30  INFO 22596 --- [restartedMain] o.s.b.a.e.web.EndpointLinksResolver      : Exposing 3 endpoint(s) beneath base path '/actuator'
2024-04-18T19:53:49.271+05:30  INFO 22596 --- [restartedMain] o.s.c.n.eureka.InstanceInfoFactory       : Setting initial instance status as: STARTING
2024-04-18T19:53:49.592+05:30  INFO 22596 --- [restartedMain] com.netflix.discovery.DiscoveryClient    : Initializing Eureka in region us-east-1
2024-04-18T19:53:49.606+05:30  INFO 22596 --- [restartedMain] c.n.d.s.r.aws.ConfigClusterResolver      : Resolving eureka endpoints via configuration
2024-04-18T19:53:49.784+05:30  INFO 22596 --- [restartedMain] com.netflix.discovery.DiscoveryClient    : Disable delta property : false
2024-04-18T19:53:49.785+05:30  INFO 22596 --- [restartedMain] com.netflix.discovery.DiscoveryClient    : Single vip registry refresh property : null
2024-04-18T19:53:49.788+05:30  INFO 22596 --- [restartedMain] com.netflix.discovery.DiscoveryClient    : Force full registry fetch : false
2024-04-18T19:53:49.792+05:30  INFO 22596 --- [restartedMain] com.netflix.discovery.DiscoveryClient    : Application is null : false
2024-04-18T19:53:49.795+05:30  INFO 22596 --- [restartedMain] com.netflix.discovery.DiscoveryClient    : Registered Applications size is zero : true
2024-04-18T19:53:49.796+05:30  INFO 22596 --- [restartedMain] com.netflix.discovery.DiscoveryClient    : Application version is -1: true
2024-04-18T19:53:49.800+05:30  INFO 22596 --- [restartedMain] com.netflix.discovery.DiscoveryClient    : Getting all instance registry info from the eureka server
2024-04-18T19:53:50.270+05:30  INFO 22596 --- [restartedMain] com.netflix.discovery.DiscoveryClient    : The response status is 200
2024-04-18T19:53:50.276+05:30  INFO 22596 --- [restartedMain] com.netflix.discovery.DiscoveryClient    : Starting heartbeat executor: renew interval is: 30
2024-04-18T19:53:50.282+05:30  INFO 22596 --- [restartedMain] c.n.discovery.InstanceInfoReplicator     : InstanceInfoReplicator onDemand update allowed rate per min is 4
2024-04-18T19:53:50.296+05:30  INFO 22596 --- [restartedMain] com.netflix.discovery.DiscoveryClient    : Discovery Client initialized at timestamp 1713450230294 with initial instances count: 2
2024-04-18T19:53:50.300+05:30  INFO 22596 --- [restartedMain] o.s.c.n.e.s.EurekaServiceRegistry        : Registering application PENSIONER-DETAIL with eureka with status UP
2024-04-18T19:53:50.302+05:30  INFO 22596 --- [restartedMain] com.netflix.discovery.DiscoveryClient    : Saw local status change event StatusChangeEvent [timestamp=1713450230302, current=UP, previous=STARTING]
2024-04-18T19:53:50.307+05:30  INFO 22596 --- [DiscoveryClient-InstanceInfoReplicator-0] com.netflix.discovery.DiscoveryClient    : DiscoveryClient_PENSIONER-DETAIL/BDC7-L-151FMK7.dir.svc.accenture.com:pensioner-detail:9091: registering service...
2024-04-18T19:53:50.353+05:30  INFO 22596 --- [restartedMain] o.s.b.w.embedded.tomcat.TomcatWebServer  : Tomcat started on port(s): 9091 (http) with context path ''
2024-04-18T19:53:50.355+05:30  INFO 22596 --- [restartedMain] .s.c.n.e.s.EurekaAutoServiceRegistration : Updating port to 9091
2024-04-18T19:53:50.405+05:30  INFO 22596 --- [DiscoveryClient-InstanceInfoReplicator-0] com.netflix.discovery.DiscoveryClient    : DiscoveryClient_PENSIONER-DETAIL/BDC7-L-151FMK7.dir.svc.accenture.com:pensioner-detail:9091 - registration status: 204
2024-04-18T19:53:50.697+05:30  INFO 22596 --- [restartedMain] c.a.p.PensionerDetailApplication         : Started PensionerDetailApplication in 19.826 seconds (process running for 22.132)
2024-04-18T19:58:49.668+05:30  INFO 22596 --- [AsyncResolver-bootstrap-executor-0] c.n.d.s.r.aws.ConfigClusterResolver      : Resolving eureka endpoints via configuration
2024-04-18T20:03:49.615+05:30  INFO 22596 --- [AsyncResolver-bootstrap-executor-0] c.n.d.s.r.aws.ConfigClusterResolver      : Resolving eureka endpoints via configuration
2024-04-18T20:08:49.626+05:30  INFO 22596 --- [AsyncResolver-bootstrap-executor-0] c.n.d.s.r.aws.ConfigClusterResolver      : Resolving eureka endpoints via configuration
2024-04-18T20:13:49.638+05:30  INFO 22596 --- [AsyncResolver-bootstrap-executor-0] c.n.d.s.r.aws.ConfigClusterResolver      : Resolving eureka endpoints via configuration
2024-04-18T20:18:49.646+05:30  INFO 22596 --- [AsyncResolver-bootstrap-executor-0] c.n.d.s.r.aws.ConfigClusterResolver      : Resolving eureka endpoints via configuration
2024-04-18T20:23:49.659+05:30  INFO 22596 --- [AsyncResolver-bootstrap-executor-0] c.n.d.s.r.aws.ConfigClusterResolver      : Resolving eureka endpoints via configuration
2024-04-18T20:28:49.667+05:30  INFO 22596 --- [AsyncResolver-bootstrap-executor-0] c.n.d.s.r.aws.ConfigClusterResolver      : Resolving eureka endpoints via configuration
2024-04-18T20:33:49.670+05:30  INFO 22596 --- [AsyncResolver-bootstrap-executor-0] c.n.d.s.r.aws.ConfigClusterResolver      : Resolving eureka endpoints via configuration
2024-04-18T20:38:49.681+05:30  INFO 22596 --- [AsyncResolver-bootstrap-executor-0] c.n.d.s.r.aws.ConfigClusterResolver      : Resolving eureka endpoints via configuration
2024-04-18T20:43:49.698+05:30  INFO 22596 --- [AsyncResolver-bootstrap-executor-0] c.n.d.s.r.aws.ConfigClusterResolver      : Resolving eureka endpoints via configuration
2024-04-18T20:48:49.706+05:30  INFO 22596 --- [AsyncResolver-bootstrap-executor-0] c.n.d.s.r.aws.ConfigClusterResolver      : Resolving eureka endpoints via configuration
2024-04-18T20:53:49.720+05:30  INFO 22596 --- [AsyncResolver-bootstrap-executor-0] c.n.d.s.r.aws.ConfigClusterResolver      : Resolving eureka endpoints via configuration
2024-04-18T20:58:49.732+05:30  INFO 22596 --- [AsyncResolver-bootstrap-executor-0] c.n.d.s.r.aws.ConfigClusterResolver      : Resolving eureka endpoints via configuration
2024-04-18T21:03:49.745+05:30  INFO 22596 --- [AsyncResolver-bootstrap-executor-0] c.n.d.s.r.aws.ConfigClusterResolver      : Resolving eureka endpoints via configuration
2024-04-18T21:08:49.754+05:30  INFO 22596 --- [AsyncResolver-bootstrap-executor-0] c.n.d.s.r.aws.ConfigClusterResolver      : Resolving eureka endpoints via configuration
2024-04-18T21:13:49.761+05:30  INFO 22596 --- [AsyncResolver-bootstrap-executor-0] c.n.d.s.r.aws.ConfigClusterResolver      : Resolving eureka endpoints via configuration
2024-04-18T21:18:49.764+05:30  INFO 22596 --- [AsyncResolver-bootstrap-executor-0] c.n.d.s.r.aws.ConfigClusterResolver      : Resolving eureka endpoints via configuration
2024-04-18T21:23:49.774+05:30  INFO 22596 --- [AsyncResolver-bootstrap-executor-0] c.n.d.s.r.aws.ConfigClusterResolver      : Resolving eureka endpoints via configuration
2024-04-18T21:28:49.777+05:30  INFO 22596 --- [AsyncResolver-bootstrap-executor-0] c.n.d.s.r.aws.ConfigClusterResolver      : Resolving eureka endpoints via configuration
2024-04-18T21:33:49.793+05:30  INFO 22596 --- [AsyncResolver-bootstrap-executor-0] c.n.d.s.r.aws.ConfigClusterResolver      : Resolving eureka endpoints via configuration
2024-04-18T21:38:49.803+05:30  INFO 22596 --- [AsyncResolver-bootstrap-executor-0] c.n.d.s.r.aws.ConfigClusterResolver      : Resolving eureka endpoints via configuration
2024-04-18T21:43:49.811+05:30  INFO 22596 --- [AsyncResolver-bootstrap-executor-0] c.n.d.s.r.aws.ConfigClusterResolver      : Resolving eureka endpoints via configuration
2024-04-18T21:48:49.825+05:30  INFO 22596 --- [AsyncResolver-bootstrap-executor-0] c.n.d.s.r.aws.ConfigClusterResolver      : Resolving eureka endpoints via configuration
2024-04-18T21:53:49.829+05:30  INFO 22596 --- [AsyncResolver-bootstrap-executor-0] c.n.d.s.r.aws.ConfigClusterResolver      : Resolving eureka endpoints via configuration
2024-04-18T21:58:49.838+05:30  INFO 22596 --- [AsyncResolver-bootstrap-executor-0] c.n.d.s.r.aws.ConfigClusterResolver      : Resolving eureka endpoints via configuration
2024-04-18T22:03:49.848+05:30  INFO 22596 --- [AsyncResolver-bootstrap-executor-0] c.n.d.s.r.aws.ConfigClusterResolver      : Resolving eureka endpoints via configuration
2024-04-18T22:08:49.888+05:30  INFO 22596 --- [AsyncResolver-bootstrap-executor-0] c.n.d.s.r.aws.ConfigClusterResolver      : Resolving eureka endpoints via configuration
2024-04-18T22:13:49.981+05:30  INFO 22596 --- [AsyncResolver-bootstrap-executor-0] c.n.d.s.r.aws.ConfigClusterResolver      : Resolving eureka endpoints via configuration
2024-04-18T22:18:50.021+05:30  INFO 22596 --- [AsyncResolver-bootstrap-executor-0] c.n.d.s.r.aws.ConfigClusterResolver      : Resolving eureka endpoints via configuration
2024-04-18T22:23:50.041+05:30  INFO 22596 --- [AsyncResolver-bootstrap-executor-0] c.n.d.s.r.aws.ConfigClusterResolver      : Resolving eureka endpoints via configuration
